{"level":"\u001b[32minfo\u001b[39m","message":"{\"method\":\"POST\",\"url\":\"/user/login\",\"status\":\"200\",\"responseTime\":\"136.912\"}","timestamp":"2025-01-27T13:00:09.311Z"}
{"level":"\u001b[32minfo\u001b[39m","message":"{\"method\":\"===>\",\"url\":\"POST\",\"status\":\"/user/login\",\"responseTime\":\"200\"}","timestamp":"2025-01-27T13:01:19.415Z"}
{"level":"\u001b[32minfo\u001b[39m","message":"{\"method\":\"POST\",\"url\":\"/user/login\",\"status\":\"200\",\"responseTime\":\"94.082\"}","timestamp":"2025-01-27T13:02:19.053Z"}
{"level":"\u001b[32minfo\u001b[39m","message":"{\"method\":\"POST\",\"url\":\"/user/signup\",\"status\":\"201\",\"responseTime\":\"33239.815\"}","timestamp":"2025-01-28T05:28:35.902Z"}
{"level":"\u001b[32minfo\u001b[39m","message":"{\"method\":\"POST\",\"url\":\"/user/resendOtp\",\"status\":\"200\",\"responseTime\":\"5289.816\"}","timestamp":"2025-01-28T05:28:56.053Z"}
{"level":"\u001b[32minfo\u001b[39m","message":"{\"method\":\"POST\",\"url\":\"/user/signup\",\"status\":\"201\",\"responseTime\":\"3917.474\"}","timestamp":"2025-01-28T05:33:30.186Z"}
{"level":"\u001b[32minfo\u001b[39m","message":"{\"method\":\"POST\",\"url\":\"/user/signup\",\"status\":\"201\",\"responseTime\":\"4481.802\"}","timestamp":"2025-01-28T05:33:47.381Z"}
{"level":"\u001b[32minfo\u001b[39m","message":"{\"method\":\"POST\",\"url\":\"/user/signup\",\"status\":\"201\",\"responseTime\":\"3496.893\"}","timestamp":"2025-01-28T05:34:14.735Z"}
{"level":"\u001b[32minfo\u001b[39m","message":"{\"method\":\"POST\",\"url\":\"/user/signup\",\"status\":\"201\",\"responseTime\":\"3876.072\"}","timestamp":"2025-01-28T05:34:30.698Z"}
{"level":"\u001b[32minfo\u001b[39m","message":"{\"method\":\"POST\",\"url\":\"/user/signup\",\"status\":\"201\",\"responseTime\":\"5726.182\"}","timestamp":"2025-01-28T05:36:24.075Z"}
{"level":"\u001b[32minfo\u001b[39m","message":"{\"method\":\"POST\",\"url\":\"/user/resendOtp\",\"status\":\"200\",\"responseTime\":\"6387.252\"}","timestamp":"2025-01-28T05:36:44.056Z"}
{"level":"\u001b[32minfo\u001b[39m","message":"{\"method\":\"POST\",\"url\":\"/user/verify_otp\",\"status\":\"200\",\"responseTime\":\"20.455\"}","timestamp":"2025-01-28T05:36:50.945Z"}
{"level":"\u001b[32minfo\u001b[39m","message":"{\"method\":\"POST\",\"url\":\"/user/verify_otp\",\"status\":\"500\",\"responseTime\":\"85.245\"}","timestamp":"2025-01-28T05:37:11.254Z"}
{"level":"\u001b[32minfo\u001b[39m","message":"{\"method\":\"POST\",\"url\":\"/user/signup\",\"status\":\"201\",\"responseTime\":\"5650.197\"}","timestamp":"2025-01-28T05:38:09.195Z"}
{"level":"\u001b[32minfo\u001b[39m","message":"{\"method\":\"POST\",\"url\":\"/user/verify_otp\",\"status\":\"500\",\"responseTime\":\"25.609\"}","timestamp":"2025-01-28T05:38:24.459Z"}
{"level":"\u001b[32minfo\u001b[39m","message":"{\"method\":\"POST\",\"url\":\"/user/signup\",\"status\":\"201\",\"responseTime\":\"4558.850\"}","timestamp":"2025-01-28T05:42:57.237Z"}
{"level":"\u001b[32minfo\u001b[39m","message":"{\"method\":\"POST\",\"url\":\"/user/verify_otp\",\"status\":\"500\",\"responseTime\":\"67.152\"}","timestamp":"2025-01-28T05:43:12.085Z"}
{"level":"\u001b[32minfo\u001b[39m","message":"{\"method\":\"POST\",\"url\":\"/user/signup\",\"status\":\"201\",\"responseTime\":\"5455.074\"}","timestamp":"2025-01-28T05:45:00.319Z"}
{"level":"\u001b[32minfo\u001b[39m","message":"{\"method\":\"POST\",\"url\":\"/user/verify_otp\",\"status\":\"200\",\"responseTime\":\"76.443\"}","timestamp":"2025-01-28T05:45:10.521Z"}
{"level":"\u001b[32minfo\u001b[39m","message":"{\"method\":\"POST\",\"url\":\"/user/verify_otp\",\"status\":\"201\",\"responseTime\":\"87.028\"}","timestamp":"2025-01-28T05:45:23.121Z"}
{"level":"\u001b[32minfo\u001b[39m","message":"{\"method\":\"POST\",\"url\":\"/user/login\",\"status\":\"200\",\"responseTime\":\"117.038\"}","timestamp":"2025-01-28T05:45:37.406Z"}
{"level":"\u001b[32minfo\u001b[39m","message":"{\"method\":\"POST\",\"url\":\"/user/signup\",\"status\":\"201\",\"responseTime\":\"5811.480\"}","timestamp":"2025-01-28T05:45:58.053Z"}
{"level":"\u001b[32minfo\u001b[39m","message":"{\"method\":\"POST\",\"url\":\"/user/verify_otp\",\"status\":\"500\",\"responseTime\":\"54.699\"}","timestamp":"2025-01-28T05:46:07.420Z"}
{"level":"\u001b[32minfo\u001b[39m","message":"{\"method\":\"POST\",\"url\":\"/user/signup\",\"status\":\"201\",\"responseTime\":\"4324.359\"}","timestamp":"2025-01-28T05:47:09.151Z"}
{"level":"\u001b[32minfo\u001b[39m","message":"{\"method\":\"POST\",\"url\":\"/user/verify_otp\",\"status\":\"201\",\"responseTime\":\"60.949\"}","timestamp":"2025-01-28T05:47:19.212Z"}
{"level":"\u001b[32minfo\u001b[39m","message":"{\"method\":\"POST\",\"url\":\"/user/login\",\"status\":\"200\",\"responseTime\":\"166.261\"}","timestamp":"2025-01-28T05:47:22.412Z"}
{"level":"\u001b[32minfo\u001b[39m","message":"{\"method\":\"POST\",\"url\":\"/user/signup\",\"status\":\"201\",\"responseTime\":\"3391.044\"}","timestamp":"2025-01-28T05:47:45.375Z"}
{"level":"\u001b[32minfo\u001b[39m","message":"{\"method\":\"POST\",\"url\":\"/user/verify_otp\",\"status\":\"201\",\"responseTime\":\"39.215\"}","timestamp":"2025-01-28T05:47:55.242Z"}
{"level":"\u001b[32minfo\u001b[39m","message":"{\"method\":\"POST\",\"url\":\"/user/login\",\"status\":\"200\",\"responseTime\":\"118.542\"}","timestamp":"2025-01-28T05:48:01.258Z"}
{"level":"\u001b[32minfo\u001b[39m","message":"{\"method\":\"POST\",\"url\":\"/user/login\",\"status\":\"200\",\"responseTime\":\"7.316\"}","timestamp":"2025-01-28T05:48:42.710Z"}
{"level":"\u001b[32minfo\u001b[39m","message":"{\"method\":\"POST\",\"url\":\"/user/signup\",\"status\":\"201\",\"responseTime\":\"5520.683\"}","timestamp":"2025-01-28T05:48:57.747Z"}
{"level":"\u001b[32minfo\u001b[39m","message":"{\"method\":\"POST\",\"url\":\"/user/resendOtp\",\"status\":\"200\",\"responseTime\":\"3210.789\"}","timestamp":"2025-01-28T05:49:41.986Z"}
{"level":"\u001b[32minfo\u001b[39m","message":"{\"method\":\"POST\",\"url\":\"/user/verify_otp\",\"status\":\"201\",\"responseTime\":\"39.453\"}","timestamp":"2025-01-28T05:49:49.174Z"}
{"level":"\u001b[32minfo\u001b[39m","message":"{\"method\":\"POST\",\"url\":\"/user/login\",\"status\":\"200\",\"responseTime\":\"114.567\"}","timestamp":"2025-01-28T05:49:52.813Z"}
{"level":"\u001b[32minfo\u001b[39m","message":"{\"method\":\"POST\",\"url\":\"/doctor/register\",\"status\":\"201\",\"responseTime\":\"6567.358\"}","timestamp":"2025-01-28T05:56:38.140Z"}
{"level":"\u001b[32minfo\u001b[39m","message":"{\"method\":\"POST\",\"url\":\"/doctor/resendOtp\",\"status\":\"404\",\"responseTime\":\"2.846\"}","timestamp":"2025-01-28T05:57:00.613Z"}
{"level":"\u001b[32minfo\u001b[39m","message":"{\"method\":\"POST\",\"url\":\"/doctor/createUser\",\"status\":\"201\",\"responseTime\":\"62.743\"}","timestamp":"2025-01-28T05:57:18.535Z"}
{"level":"\u001b[32minfo\u001b[39m","message":"{\"method\":\"POST\",\"url\":\"/doctor/register\",\"status\":\"201\",\"responseTime\":\"9120.046\"}","timestamp":"2025-01-28T06:11:35.012Z"}
{"level":"\u001b[32minfo\u001b[39m","message":"{\"method\":\"POST\",\"url\":\"/doctor/resendOtp\",\"status\":\"200\",\"responseTime\":\"105.904\"}","timestamp":"2025-01-28T06:17:06.258Z"}
{"level":"\u001b[32minfo\u001b[39m","message":"{\"method\":\"POST\",\"url\":\"/doctor/createUser\",\"status\":\"201\",\"responseTime\":\"130.698\"}","timestamp":"2025-01-28T06:17:29.742Z"}
{"level":"\u001b[32minfo\u001b[39m","message":"{\"method\":\"POST\",\"url\":\"/doctor/register\",\"status\":\"201\",\"responseTime\":\"7456.535\"}","timestamp":"2025-01-28T06:19:30.212Z"}
{"level":"\u001b[32minfo\u001b[39m","message":"{\"method\":\"POST\",\"url\":\"/doctor/resendOtp\",\"status\":\"200\",\"responseTime\":\"15.256\"}","timestamp":"2025-01-28T06:19:49.972Z"}
{"level":"\u001b[32minfo\u001b[39m","message":"{\"method\":\"POST\",\"url\":\"/doctor/createUser\",\"status\":\"500\",\"responseTime\":\"68.939\"}","timestamp":"2025-01-28T06:20:43.080Z"}
{"level":"\u001b[32minfo\u001b[39m","message":"{\"method\":\"POST\",\"url\":\"/doctor/createUser\",\"status\":\"500\",\"responseTime\":\"35.886\"}","timestamp":"2025-01-28T06:20:46.697Z"}
{"level":"\u001b[32minfo\u001b[39m","message":"{\"method\":\"POST\",\"url\":\"/doctor/register\",\"status\":\"201\",\"responseTime\":\"5147.733\"}","timestamp":"2025-01-28T06:32:57.723Z"}
{"level":"\u001b[32minfo\u001b[39m","message":"{\"method\":\"POST\",\"url\":\"/doctor/resendOtp\",\"status\":\"200\",\"responseTime\":\"2640.274\"}","timestamp":"2025-01-28T06:33:49.483Z"}
{"level":"\u001b[32minfo\u001b[39m","message":"{\"method\":\"POST\",\"url\":\"/doctor/createUser\",\"status\":\"201\",\"responseTime\":\"128.883\"}","timestamp":"2025-01-28T06:34:17.621Z"}
{"level":"\u001b[32minfo\u001b[39m","message":"{\"method\":\"POST\",\"url\":\"/doctor/login\",\"status\":\"200\",\"responseTime\":\"164.264\"}","timestamp":"2025-01-28T06:56:06.823Z"}
{"level":"\u001b[32minfo\u001b[39m","message":"{\"method\":\"POST\",\"url\":\"/user/verifyEmail\",\"status\":\"200\",\"responseTime\":\"4271.512\"}","timestamp":"2025-01-28T09:19:18.248Z"}
{"level":"\u001b[32minfo\u001b[39m","message":"{\"method\":\"POST\",\"url\":\"/user/verifyEmail\",\"status\":\"200\",\"responseTime\":\"2670.332\"}","timestamp":"2025-01-28T10:39:24.005Z"}
{"level":"\u001b[32minfo\u001b[39m","message":"{\"method\":\"POST\",\"url\":\"/user/verify_otp\",\"status\":\"500\",\"responseTime\":\"31.149\"}","timestamp":"2025-01-28T10:39:41.676Z"}
{"level":"\u001b[32minfo\u001b[39m","message":"{\"method\":\"POST\",\"url\":\"/user/verify_otp\",\"status\":\"500\",\"responseTime\":\"27.546\"}","timestamp":"2025-01-28T10:43:51.910Z"}
{"level":"\u001b[32minfo\u001b[39m","message":"{\"method\":\"POST\",\"url\":\"/user/verifyEmail\",\"status\":\"200\",\"responseTime\":\"3203.807\"}","timestamp":"2025-01-28T10:57:07.457Z"}
{"level":"\u001b[32minfo\u001b[39m","message":"{\"method\":\"POST\",\"url\":\"/user/verify_otp\",\"status\":\"500\",\"responseTime\":\"3.598\"}","timestamp":"2025-01-28T10:57:25.641Z"}
{"level":"\u001b[32minfo\u001b[39m","message":"{\"method\":\"POST\",\"url\":\"/user/verify_otp\",\"status\":\"500\",\"responseTime\":\"5.980\"}","timestamp":"2025-01-28T10:57:27.441Z"}
{"level":"\u001b[32minfo\u001b[39m","message":"{\"method\":\"POST\",\"url\":\"/user/verify_otp\",\"status\":\"500\",\"responseTime\":\"11.904\"}","timestamp":"2025-01-28T10:57:30.673Z"}
{"level":"\u001b[32minfo\u001b[39m","message":"{\"method\":\"POST\",\"url\":\"/user/verify_otp\",\"status\":\"500\",\"responseTime\":\"3.704\"}","timestamp":"2025-01-28T10:57:30.958Z"}
{"level":"\u001b[32minfo\u001b[39m","message":"{\"method\":\"POST\",\"url\":\"/user/verify_otp\",\"status\":\"500\",\"responseTime\":\"3.679\"}","timestamp":"2025-01-28T10:57:31.125Z"}
{"level":"\u001b[32minfo\u001b[39m","message":"{\"method\":\"POST\",\"url\":\"/user/verify_otp\",\"status\":\"500\",\"responseTime\":\"3.316\"}","timestamp":"2025-01-28T10:57:31.341Z"}
{"level":"\u001b[32minfo\u001b[39m","message":"{\"method\":\"POST\",\"url\":\"/student/verifyResetOtp\",\"status\":\"404\",\"responseTime\":\"2.179\"}","timestamp":"2025-01-28T11:06:21.188Z"}
{"level":"\u001b[32minfo\u001b[39m","message":"{\"method\":\"POST\",\"url\":\"/student/verifyResetOtp\",\"status\":\"404\",\"responseTime\":\"0.989\"}","timestamp":"2025-01-28T11:06:22.070Z"}
{"level":"\u001b[32minfo\u001b[39m","message":"{\"method\":\"POST\",\"url\":\"/student/verifyResetOtp\",\"status\":\"404\",\"responseTime\":\"1.770\"}","timestamp":"2025-01-28T11:06:22.390Z"}
{"level":"\u001b[32minfo\u001b[39m","message":"{\"method\":\"POST\",\"url\":\"/student/verifyResetOtp\",\"status\":\"404\",\"responseTime\":\"0.627\"}","timestamp":"2025-01-28T11:06:22.719Z"}
{"level":"\u001b[32minfo\u001b[39m","message":"{\"method\":\"POST\",\"url\":\"/student/verifyResetOtp\",\"status\":\"404\",\"responseTime\":\"0.668\"}","timestamp":"2025-01-28T11:06:22.917Z"}
{"level":"\u001b[32minfo\u001b[39m","message":"{\"method\":\"POST\",\"url\":\"/student/verifyResetOtp\",\"status\":\"404\",\"responseTime\":\"0.681\"}","timestamp":"2025-01-28T11:06:23.115Z"}
{"level":"\u001b[32minfo\u001b[39m","message":"{\"method\":\"POST\",\"url\":\"/student/verifyResetOtp\",\"status\":\"404\",\"responseTime\":\"1.136\"}","timestamp":"2025-01-28T11:06:23.637Z"}
{"level":"\u001b[32minfo\u001b[39m","message":"{\"method\":\"POST\",\"url\":\"/student/verifyResetOtp\",\"status\":\"404\",\"responseTime\":\"0.986\"}","timestamp":"2025-01-28T11:06:23.828Z"}
{"level":"\u001b[32minfo\u001b[39m","message":"{\"method\":\"POST\",\"url\":\"/student/verifyResetOtp\",\"status\":\"404\",\"responseTime\":\"0.643\"}","timestamp":"2025-01-28T11:06:23.995Z"}
{"level":"\u001b[32minfo\u001b[39m","message":"{\"method\":\"POST\",\"url\":\"/student/verifyResetOtp\",\"status\":\"404\",\"responseTime\":\"0.668\"}","timestamp":"2025-01-28T11:06:24.156Z"}
{"level":"\u001b[32minfo\u001b[39m","message":"{\"method\":\"POST\",\"url\":\"/student/verifyResetOtp\",\"status\":\"404\",\"responseTime\":\"0.678\"}","timestamp":"2025-01-28T11:06:24.331Z"}
{"level":"\u001b[32minfo\u001b[39m","message":"{\"method\":\"POST\",\"url\":\"/student/verifyResetOtp\",\"status\":\"404\",\"responseTime\":\"0.522\"}","timestamp":"2025-01-28T11:06:25.956Z"}
{"level":"\u001b[32minfo\u001b[39m","message":"{\"method\":\"POST\",\"url\":\"/student/verifyResetOtp\",\"status\":\"404\",\"responseTime\":\"0.590\"}","timestamp":"2025-01-28T11:06:26.141Z"}
{"level":"\u001b[32minfo\u001b[39m","message":"{\"method\":\"POST\",\"url\":\"/student/verifyResetOtp\",\"status\":\"404\",\"responseTime\":\"0.791\"}","timestamp":"2025-01-28T11:06:26.351Z"}
{"level":"\u001b[32minfo\u001b[39m","message":"{\"method\":\"POST\",\"url\":\"/student/verifyResetOtp\",\"status\":\"404\",\"responseTime\":\"0.597\"}","timestamp":"2025-01-28T11:06:26.523Z"}
{"level":"\u001b[32minfo\u001b[39m","message":"{\"method\":\"POST\",\"url\":\"/student/forgotResendOtp\",\"status\":\"404\",\"responseTime\":\"0.429\"}","timestamp":"2025-01-28T11:06:27.990Z"}
{"level":"\u001b[32minfo\u001b[39m","message":"{\"method\":\"POST\",\"url\":\"/student/verifyResetOtp\",\"status\":\"404\",\"responseTime\":\"0.617\"}","timestamp":"2025-01-28T11:06:40.464Z"}
{"level":"\u001b[32minfo\u001b[39m","message":"{\"method\":\"POST\",\"url\":\"/user/verifyResetOtp\",\"status\":\"404\",\"responseTime\":\"22.903\"}","timestamp":"2025-01-28T11:08:31.223Z"}
{"level":"\u001b[32minfo\u001b[39m","message":"{\"method\":\"POST\",\"url\":\"/user/verifyResetOtp\",\"status\":\"200\",\"responseTime\":\"64.547\"}","timestamp":"2025-01-28T11:09:16.718Z"}
{"level":"\u001b[32minfo\u001b[39m","message":"{\"method\":\"POST\",\"url\":\"/user/verifyResetOtp\",\"status\":\"200\",\"responseTime\":\"9.763\"}","timestamp":"2025-01-28T11:10:38.033Z"}
{"level":"\u001b[32minfo\u001b[39m","message":"{\"method\":\"POST\",\"url\":\"/user/resetPassword\",\"status\":\"200\",\"responseTime\":\"153.885\"}","timestamp":"2025-01-28T11:24:23.135Z"}
{"level":"\u001b[32minfo\u001b[39m","message":"{\"method\":\"POST\",\"url\":\"/user/login\",\"status\":\"200\",\"responseTime\":\"77.025\"}","timestamp":"2025-01-28T11:24:35.200Z"}
{"level":"\u001b[32minfo\u001b[39m","message":"{\"method\":\"POST\",\"url\":\"/user/login\",\"status\":\"200\",\"responseTime\":\"68.388\"}","timestamp":"2025-01-28T11:25:00.801Z"}
{"level":"\u001b[32minfo\u001b[39m","message":"{\"method\":\"POST\",\"url\":\"/user/login\",\"status\":\"200\",\"responseTime\":\"65.210\"}","timestamp":"2025-01-28T11:25:51.505Z"}
{"level":"\u001b[32minfo\u001b[39m","message":"{\"method\":\"POST\",\"url\":\"/user/verifyEmail\",\"status\":\"200\",\"responseTime\":\"3395.883\"}","timestamp":"2025-01-28T11:30:37.331Z"}
{"level":"\u001b[32minfo\u001b[39m","message":"{\"method\":\"POST\",\"url\":\"/user/verifyResetOtp\",\"status\":\"200\",\"responseTime\":\"13.544\"}","timestamp":"2025-01-28T11:30:56.245Z"}
{"level":"\u001b[32minfo\u001b[39m","message":"{\"method\":\"POST\",\"url\":\"/user/resetPassword\",\"status\":\"200\",\"responseTime\":\"71.255\"}","timestamp":"2025-01-28T11:31:37.186Z"}
{"level":"\u001b[32minfo\u001b[39m","message":"{\"method\":\"POST\",\"url\":\"/user/login\",\"status\":\"200\",\"responseTime\":\"67.755\"}","timestamp":"2025-01-28T11:32:37.178Z"}
{"level":"\u001b[32minfo\u001b[39m","message":"{\"method\":\"POST\",\"url\":\"/user/login\",\"status\":\"200\",\"responseTime\":\"69.008\"}","timestamp":"2025-01-28T11:33:38.922Z"}
{"level":"\u001b[32minfo\u001b[39m","message":"{\"method\":\"POST\",\"url\":\"/user/verifyEmail\",\"status\":\"200\",\"responseTime\":\"2330.772\"}","timestamp":"2025-01-28T11:36:06.824Z"}
{"level":"\u001b[32minfo\u001b[39m","message":"{\"method\":\"POST\",\"url\":\"/user/verifyResetOtp\",\"status\":\"200\",\"responseTime\":\"9.201\"}","timestamp":"2025-01-28T11:36:22.402Z"}
{"level":"\u001b[32minfo\u001b[39m","message":"{\"method\":\"POST\",\"url\":\"/user/resetPassword\",\"status\":\"200\",\"responseTime\":\"72.220\"}","timestamp":"2025-01-28T11:36:43.260Z"}
{"level":"\u001b[32minfo\u001b[39m","message":"{\"method\":\"POST\",\"url\":\"/user/verifyEmail\",\"status\":\"200\",\"responseTime\":\"3272.478\"}","timestamp":"2025-01-28T11:39:43.769Z"}
{"level":"\u001b[32minfo\u001b[39m","message":"{\"method\":\"POST\",\"url\":\"/user/verifyResetOtp\",\"status\":\"200\",\"responseTime\":\"6.750\"}","timestamp":"2025-01-28T11:39:57.199Z"}
{"level":"\u001b[32minfo\u001b[39m","message":"{\"method\":\"POST\",\"url\":\"/user/resetPassword\",\"status\":\"200\",\"responseTime\":\"102.509\"}","timestamp":"2025-01-28T11:42:01.314Z"}
{"level":"\u001b[32minfo\u001b[39m","message":"{\"method\":\"POST\",\"url\":\"/user/verifyEmail\",\"status\":\"200\",\"responseTime\":\"2278.342\"}","timestamp":"2025-01-28T11:47:19.674Z"}
{"level":"\u001b[32minfo\u001b[39m","message":"{\"method\":\"POST\",\"url\":\"/user/verifyResetOtp\",\"status\":\"200\",\"responseTime\":\"11.120\"}","timestamp":"2025-01-28T11:47:30.681Z"}
{"level":"\u001b[32minfo\u001b[39m","message":"{\"method\":\"POST\",\"url\":\"/user/resetPassword\",\"status\":\"200\",\"responseTime\":\"71.782\"}","timestamp":"2025-01-28T11:47:57.353Z"}
{"level":"\u001b[32minfo\u001b[39m","message":"{\"method\":\"POST\",\"url\":\"/user/login\",\"status\":\"200\",\"responseTime\":\"63.171\"}","timestamp":"2025-01-28T11:48:02.219Z"}
{"level":"\u001b[32minfo\u001b[39m","message":"{\"method\":\"POST\",\"url\":\"/user/login\",\"status\":\"200\",\"responseTime\":\"66.842\"}","timestamp":"2025-01-28T11:48:12.114Z"}
{"level":"\u001b[32minfo\u001b[39m","message":"{\"method\":\"POST\",\"url\":\"/user/verifyEmail\",\"status\":\"200\",\"responseTime\":\"2110.885\"}","timestamp":"2025-01-28T11:49:30.599Z"}
{"level":"\u001b[32minfo\u001b[39m","message":"{\"method\":\"POST\",\"url\":\"/user/forgotResendOtp\",\"status\":\"404\",\"responseTime\":\"1.300\"}","timestamp":"2025-01-28T11:50:05.530Z"}
{"level":"\u001b[32minfo\u001b[39m","message":"{\"method\":\"POST\",\"url\":\"/user/forgotResendOtp\",\"status\":\"200\",\"responseTime\":\"2988.117\"}","timestamp":"2025-01-28T11:57:02.904Z"}
{"level":"\u001b[32minfo\u001b[39m","message":"{\"method\":\"POST\",\"url\":\"/user/verifyResetOtp\",\"status\":\"200\",\"responseTime\":\"15.229\"}","timestamp":"2025-01-28T11:57:33.397Z"}
{"level":"\u001b[32minfo\u001b[39m","message":"{\"method\":\"POST\",\"url\":\"/user/verifyEmail\",\"status\":\"200\",\"responseTime\":\"2487.902\"}","timestamp":"2025-01-28T11:57:50.394Z"}
{"level":"\u001b[32minfo\u001b[39m","message":"{\"method\":\"POST\",\"url\":\"/user/forgotResendOtp\",\"status\":\"200\",\"responseTime\":\"2663.651\"}","timestamp":"2025-01-28T11:58:08.260Z"}
{"level":"\u001b[32minfo\u001b[39m","message":"{\"method\":\"POST\",\"url\":\"/user/verifyResetOtp\",\"status\":\"200\",\"responseTime\":\"5.802\"}","timestamp":"2025-01-28T11:58:45.826Z"}
{"level":"\u001b[32minfo\u001b[39m","message":"{\"method\":\"POST\",\"url\":\"/user/verifyResetOtp\",\"status\":\"200\",\"responseTime\":\"6.588\"}","timestamp":"2025-01-28T11:59:22.642Z"}
{"level":"\u001b[32minfo\u001b[39m","message":"{\"method\":\"POST\",\"url\":\"/user/resetPassword\",\"status\":\"200\",\"responseTime\":\"80.565\"}","timestamp":"2025-01-28T11:59:48.416Z"}
{"level":"\u001b[32minfo\u001b[39m","message":"{\"method\":\"POST\",\"url\":\"/user/login\",\"status\":\"200\",\"responseTime\":\"224.849\"}","timestamp":"2025-01-28T12:08:02.008Z"}
{"level":"\u001b[32minfo\u001b[39m","message":"{\"method\":\"POST\",\"url\":\"/admin/login\",\"status\":\"200\",\"responseTime\":\"32.428\"}","timestamp":"2025-01-28T14:24:45.990Z"}
{"level":"\u001b[32minfo\u001b[39m","message":"{\"method\":\"POST\",\"url\":\"/admin/login\",\"status\":\"200\",\"responseTime\":\"40.096\"}","timestamp":"2025-01-28T14:25:17.838Z"}
{"level":"\u001b[32minfo\u001b[39m","message":"{\"method\":\"POST\",\"url\":\"/admin/login\",\"status\":\"200\",\"responseTime\":\"9.134\"}","timestamp":"2025-01-28T14:26:06.324Z"}
{"level":"\u001b[32minfo\u001b[39m","message":"{\"method\":\"POST\",\"url\":\"/admin/login\",\"status\":\"200\",\"responseTime\":\"4.894\"}","timestamp":"2025-01-28T14:27:41.255Z"}
{"level":"\u001b[32minfo\u001b[39m","message":"{\"method\":\"POST\",\"url\":\"/admin/login\",\"status\":\"200\",\"responseTime\":\"6.375\"}","timestamp":"2025-01-28T14:29:25.109Z"}
{"level":"\u001b[32minfo\u001b[39m","message":"{\"method\":\"POST\",\"url\":\"/admin/login\",\"status\":\"200\",\"responseTime\":\"5.562\"}","timestamp":"2025-01-28T14:29:43.574Z"}
{"level":"\u001b[32minfo\u001b[39m","message":"{\"method\":\"POST\",\"url\":\"/admin/login\",\"status\":\"200\",\"responseTime\":\"0.951\"}","timestamp":"2025-01-28T14:29:57.029Z"}
{"level":"\u001b[32minfo\u001b[39m","message":"{\"method\":\"POST\",\"url\":\"/admin/login\",\"status\":\"200\",\"responseTime\":\"1.954\"}","timestamp":"2025-01-28T14:30:02.941Z"}
{"level":"\u001b[32minfo\u001b[39m","message":"{\"method\":\"POST\",\"url\":\"/admin/login\",\"status\":\"200\",\"responseTime\":\"4.464\"}","timestamp":"2025-01-28T14:30:52.655Z"}
{"level":"\u001b[32minfo\u001b[39m","message":"{\"method\":\"POST\",\"url\":\"/user/login\",\"status\":\"200\",\"responseTime\":\"92.792\"}","timestamp":"2025-01-28T17:03:11.958Z"}
{"level":"\u001b[32minfo\u001b[39m","message":"{\"method\":\"POST\",\"url\":\"/doctor/register\",\"status\":\"201\",\"responseTime\":\"3230.509\"}","timestamp":"2025-01-28T17:23:31.634Z"}
{"level":"\u001b[32minfo\u001b[39m","message":"{\"method\":\"POST\",\"url\":\"/doctor/resendOtp\",\"status\":\"200\",\"responseTime\":\"2602.094\"}","timestamp":"2025-01-28T17:24:04.869Z"}
{"level":"\u001b[32minfo\u001b[39m","message":"{\"method\":\"POST\",\"url\":\"/doctor/createUser\",\"status\":\"500\",\"responseTime\":\"149.276\"}","timestamp":"2025-01-28T17:24:25.349Z"}
{"level":"\u001b[32minfo\u001b[39m","message":"{\"method\":\"POST\",\"url\":\"/doctor/createUser\",\"status\":\"200\",\"responseTime\":\"29.883\"}","timestamp":"2025-01-28T17:25:07.825Z"}
{"level":"\u001b[32minfo\u001b[39m","message":"{\"method\":\"POST\",\"url\":\"/doctor/resendOtp\",\"status\":\"200\",\"responseTime\":\"2303.150\"}","timestamp":"2025-01-28T17:25:24.809Z"}
{"level":"\u001b[32minfo\u001b[39m","message":"{\"method\":\"POST\",\"url\":\"/doctor/createUser\",\"status\":\"500\",\"responseTime\":\"37.959\"}","timestamp":"2025-01-28T17:25:35.657Z"}
{"level":"\u001b[32minfo\u001b[39m","message":"{\"method\":\"POST\",\"url\":\"/doctor/createUser\",\"status\":\"500\",\"responseTime\":\"24.030\"}","timestamp":"2025-01-28T17:26:35.103Z"}
{"level":"\u001b[32minfo\u001b[39m","message":"{\"method\":\"POST\",\"url\":\"/doctor/register\",\"status\":\"201\",\"responseTime\":\"3045.883\"}","timestamp":"2025-01-28T17:27:40.879Z"}
{"level":"\u001b[32minfo\u001b[39m","message":"{\"method\":\"POST\",\"url\":\"/doctor/createUser\",\"status\":\"500\",\"responseTime\":\"32.249\"}","timestamp":"2025-01-28T17:28:07.188Z"}
{"level":"\u001b[32minfo\u001b[39m","message":"{\"method\":\"POST\",\"url\":\"/doctor/createUser\",\"status\":\"500\",\"responseTime\":\"28.959\"}","timestamp":"2025-01-28T17:28:20.193Z"}
{"level":"\u001b[32minfo\u001b[39m","message":"{\"method\":\"POST\",\"url\":\"/doctor/register\",\"status\":\"201\",\"responseTime\":\"2879.574\"}","timestamp":"2025-01-28T17:30:21.496Z"}
{"level":"\u001b[32minfo\u001b[39m","message":"{\"method\":\"POST\",\"url\":\"/doctor/createUser\",\"status\":\"201\",\"responseTime\":\"45.327\"}","timestamp":"2025-01-28T17:30:41.459Z"}
{"level":"\u001b[32minfo\u001b[39m","message":"{\"method\":\"POST\",\"url\":\"/doctor/login\",\"status\":\"200\",\"responseTime\":\"115.149\"}","timestamp":"2025-01-28T17:30:50.974Z"}
{"level":"\u001b[32minfo\u001b[39m","message":"{\"method\":\"POST\",\"url\":\"/doctor/register\",\"status\":\"201\",\"responseTime\":\"3639.601\"}","timestamp":"2025-01-28T17:33:03.763Z"}
{"level":"\u001b[32minfo\u001b[39m","message":"{\"method\":\"POST\",\"url\":\"/doctor/resendOtp\",\"status\":\"200\",\"responseTime\":\"2645.114\"}","timestamp":"2025-01-28T17:33:25.421Z"}
{"level":"\u001b[32minfo\u001b[39m","message":"{\"method\":\"POST\",\"url\":\"/doctor/createUser\",\"status\":\"201\",\"responseTime\":\"95.736\"}","timestamp":"2025-01-28T17:33:58.237Z"}
{"level":"\u001b[32minfo\u001b[39m","message":"{\"method\":\"POST\",\"url\":\"/doctor/verifyEmail\",\"status\":\"200\",\"responseTime\":\"2521.588\"}","timestamp":"2025-01-28T17:58:47.572Z"}
{"level":"\u001b[32minfo\u001b[39m","message":"{\"method\":\"POST\",\"url\":\"/user/verifyResetOtp\",\"status\":\"200\",\"responseTime\":\"13.547\"}","timestamp":"2025-01-28T17:59:10.157Z"}
{"level":"\u001b[32minfo\u001b[39m","message":"{\"method\":\"POST\",\"url\":\"/doctor/verifyEmail\",\"status\":\"200\",\"responseTime\":\"3514.895\"}","timestamp":"2025-01-28T18:03:01.447Z"}
{"level":"\u001b[32minfo\u001b[39m","message":"{\"method\":\"POST\",\"url\":\"/user/forgotResendOtp\",\"status\":\"200\",\"responseTime\":\"2766.640\"}","timestamp":"2025-01-28T18:03:24.151Z"}
{"level":"\u001b[32minfo\u001b[39m","message":"{\"method\":\"POST\",\"url\":\"/user/verifyResetOtp\",\"status\":\"200\",\"responseTime\":\"10.862\"}","timestamp":"2025-01-28T18:03:48.221Z"}
{"level":"\u001b[32minfo\u001b[39m","message":"{\"method\":\"POST\",\"url\":\"/doctor/verifyEmail\",\"status\":\"200\",\"responseTime\":\"2946.847\"}","timestamp":"2025-01-28T18:11:41.513Z"}
{"level":"\u001b[32minfo\u001b[39m","message":"{\"method\":\"POST\",\"url\":\"/user/forgotResendOtp\",\"status\":\"200\",\"responseTime\":\"2438.541\"}","timestamp":"2025-01-28T18:11:55.675Z"}
{"level":"\u001b[32minfo\u001b[39m","message":"{\"method\":\"POST\",\"url\":\"/user/verifyResetOtp\",\"status\":\"200\",\"responseTime\":\"27.580\"}","timestamp":"2025-01-28T18:12:13.537Z"}
{"level":"\u001b[32minfo\u001b[39m","message":"{\"method\":\"POST\",\"url\":\"/doctor/resetPassword\",\"status\":\"404\",\"responseTime\":\"3.662\"}","timestamp":"2025-01-28T18:12:55.808Z"}
{"level":"\u001b[32minfo\u001b[39m","message":"{\"method\":\"POST\",\"url\":\"/doctor/resetPassword\",\"status\":\"404\",\"responseTime\":\"22.490\"}","timestamp":"2025-01-28T18:15:57.500Z"}
{"level":"\u001b[32minfo\u001b[39m","message":"{\"method\":\"POST\",\"url\":\"/doctor/resetPassword\",\"status\":\"404\",\"responseTime\":\"32.113\"}","timestamp":"2025-01-28T18:21:44.620Z"}
{"level":"\u001b[32minfo\u001b[39m","message":"{\"method\":\"POST\",\"url\":\"/doctor/verifyEmail\",\"status\":\"200\",\"responseTime\":\"2685.190\"}","timestamp":"2025-01-28T18:29:09.125Z"}
{"level":"\u001b[32minfo\u001b[39m","message":"{\"method\":\"POST\",\"url\":\"/doctor/forgotResendOtp\",\"status\":\"404\",\"responseTime\":\"3.432\"}","timestamp":"2025-01-28T18:29:29.546Z"}
{"level":"\u001b[32minfo\u001b[39m","message":"{\"method\":\"POST\",\"url\":\"/doctor/forgotResendOtp\",\"status\":\"404\",\"responseTime\":\"24.093\"}","timestamp":"2025-01-28T18:32:48.439Z"}
{"level":"\u001b[32minfo\u001b[39m","message":"{\"method\":\"POST\",\"url\":\"/doctor/verifyEmail\",\"status\":\"200\",\"responseTime\":\"3974.093\"}","timestamp":"2025-01-28T18:48:55.669Z"}
{"level":"\u001b[32minfo\u001b[39m","message":"{\"method\":\"POST\",\"url\":\"/doctor/forgotResendOtp\",\"status\":\"404\",\"responseTime\":\"5.494\"}","timestamp":"2025-01-28T18:49:12.157Z"}
{"level":"\u001b[32minfo\u001b[39m","message":"{\"method\":\"POST\",\"url\":\"/doctor/verifyEmail\",\"status\":\"200\",\"responseTime\":\"2284.647\"}","timestamp":"2025-01-28T18:52:30.845Z"}
{"level":"\u001b[32minfo\u001b[39m","message":"{\"method\":\"POST\",\"url\":\"/doctor/verifyResetOtp\",\"status\":\"404\",\"responseTime\":\"4.273\"}","timestamp":"2025-01-28T18:52:48.037Z"}
{"level":"\u001b[32minfo\u001b[39m","message":"{\"method\":\"POST\",\"url\":\"/doctor/verifyResetOtp\",\"status\":\"404\",\"responseTime\":\"20.087\"}","timestamp":"2025-01-28T18:53:19.570Z"}
{"level":"\u001b[32minfo\u001b[39m","message":"{\"method\":\"POST\",\"url\":\"/doctor/verifyResetOtp\",\"status\":\"404\",\"responseTime\":\"29.738\"}","timestamp":"2025-01-28T18:57:58.530Z"}
{"level":"\u001b[32minfo\u001b[39m","message":"{\"method\":\"POST\",\"url\":\"/doctor/verifyEmail\",\"status\":\"200\",\"responseTime\":\"2966.893\"}","timestamp":"2025-01-28T19:00:11.826Z"}
{"level":"\u001b[32minfo\u001b[39m","message":"{\"method\":\"POST\",\"url\":\"/doctor/verifyEmail\",\"status\":\"200\",\"responseTime\":\"2896.072\"}","timestamp":"2025-01-28T19:01:36.373Z"}
{"level":"\u001b[32minfo\u001b[39m","message":"{\"method\":\"POST\",\"url\":\"/doctor/forgotResendOtp\",\"status\":\"404\",\"responseTime\":\"3.241\"}","timestamp":"2025-01-28T19:01:47.770Z"}
{"level":"\u001b[32minfo\u001b[39m","message":"{\"method\":\"POST\",\"url\":\"/user/verifyEmail\",\"status\":\"200\",\"responseTime\":\"13.939\"}","timestamp":"2025-01-28T19:02:30.350Z"}
{"level":"\u001b[32minfo\u001b[39m","message":"{\"method\":\"POST\",\"url\":\"/user/verifyEmail\",\"status\":\"200\",\"responseTime\":\"2726.275\"}","timestamp":"2025-01-28T19:02:48.180Z"}
{"level":"\u001b[32minfo\u001b[39m","message":"{\"method\":\"POST\",\"url\":\"/user/verifyResetOtp\",\"status\":\"200\",\"responseTime\":\"36.502\"}","timestamp":"2025-01-28T19:03:18.782Z"}
{"level":"\u001b[32minfo\u001b[39m","message":"{\"method\":\"POST\",\"url\":\"/user/resetPassword\",\"status\":\"200\",\"responseTime\":\"160.197\"}","timestamp":"2025-01-28T19:04:14.055Z"}
{"level":"\u001b[32minfo\u001b[39m","message":"{\"method\":\"POST\",\"url\":\"/user/login\",\"status\":\"200\",\"responseTime\":\"151.706\"}","timestamp":"2025-01-28T19:04:25.773Z"}
{"level":"\u001b[32minfo\u001b[39m","message":"{\"method\":\"POST\",\"url\":\"/doctor/verifyEmail\",\"status\":\"200\",\"responseTime\":\"3480.244\"}","timestamp":"2025-01-28T19:04:44.700Z"}
{"level":"\u001b[32minfo\u001b[39m","message":"{\"method\":\"POST\",\"url\":\"/doctor/verifyEmail\",\"status\":\"200\",\"responseTime\":\"3170.744\"}","timestamp":"2025-01-28T19:08:31.665Z"}
{"level":"\u001b[32minfo\u001b[39m","message":"{\"method\":\"POST\",\"url\":\"/doctor/verifyResetOtp\",\"status\":\"404\",\"responseTime\":\"1.173\"}","timestamp":"2025-01-28T19:10:25.711Z"}
{"level":"\u001b[32minfo\u001b[39m","message":"{\"method\":\"POST\",\"url\":\"/doctor/forgot-password-otp\",\"status\":\"404\",\"responseTime\":\"1.320\"}","timestamp":"2025-01-28T19:12:27.350Z"}
{"level":"\u001b[32minfo\u001b[39m","message":"{\"method\":\"POST\",\"url\":\"/doctor/verifyEmail\",\"status\":\"200\",\"responseTime\":\"2372.354\"}","timestamp":"2025-01-28T19:17:04.158Z"}
{"level":"\u001b[32minfo\u001b[39m","message":"{\"method\":\"POST\",\"url\":\"/doctor/verifyResetOtp\",\"status\":\"404\",\"responseTime\":\"2.424\"}","timestamp":"2025-01-28T19:17:21.170Z"}
{"level":"\u001b[32minfo\u001b[39m","message":"{\"method\":\"POST\",\"url\":\"/doctor/forgotResendOtp\",\"status\":\"404\",\"responseTime\":\"1.367\"}","timestamp":"2025-01-28T19:21:08.248Z"}
{"level":"\u001b[32minfo\u001b[39m","message":"{\"method\":\"POST\",\"url\":\"/doctor/login\",\"status\":\"200\",\"responseTime\":\"232.188\"}","timestamp":"2025-01-28T19:29:11.029Z"}
{"level":"\u001b[32minfo\u001b[39m","message":"{\"method\":\"POST\",\"url\":\"/user/login\",\"status\":\"200\",\"responseTime\":\"171.183\"}","timestamp":"2025-01-28T19:29:16.895Z"}
{"level":"\u001b[32minfo\u001b[39m","message":"{\"method\":\"POST\",\"url\":\"/user/verifyEmail\",\"status\":\"200\",\"responseTime\":\"4325.404\"}","timestamp":"2025-01-28T19:29:35.028Z"}
{"level":"\u001b[32minfo\u001b[39m","message":"{\"method\":\"POST\",\"url\":\"/user/verifyResetOtp\",\"status\":\"200\",\"responseTime\":\"13.607\"}","timestamp":"2025-01-28T19:29:49.540Z"}
{"level":"\u001b[32minfo\u001b[39m","message":"{\"method\":\"POST\",\"url\":\"/user/resetPassword\",\"status\":\"200\",\"responseTime\":\"165.129\"}","timestamp":"2025-01-28T19:30:09.162Z"}
{"level":"\u001b[32minfo\u001b[39m","message":"{\"method\":\"POST\",\"url\":\"/user/login\",\"status\":\"200\",\"responseTime\":\"144.375\"}","timestamp":"2025-01-28T19:30:25.005Z"}
{"level":"\u001b[32minfo\u001b[39m","message":"{\"method\":\"POST\",\"url\":\"/admin/login\",\"status\":\"200\",\"responseTime\":\"6.894\"}","timestamp":"2025-01-28T19:35:14.722Z"}
{"level":"\u001b[32minfo\u001b[39m","message":"{\"method\":\"POST\",\"url\":\"/admin/login\",\"status\":\"200\",\"responseTime\":\"6.801\"}","timestamp":"2025-01-28T19:39:13.931Z"}
{"level":"\u001b[32minfo\u001b[39m","message":"{\"method\":\"POST\",\"url\":\"/user/login\",\"status\":\"200\",\"responseTime\":\"89.967\"}","timestamp":"2025-01-29T04:54:38.010Z"}
{"level":"\u001b[32minfo\u001b[39m","message":"{\"method\":\"POST\",\"url\":\"/user/login\",\"status\":\"200\",\"responseTime\":\"90.824\"}","timestamp":"2025-01-29T04:54:42.398Z"}
{"level":"\u001b[32minfo\u001b[39m","message":"{\"method\":\"POST\",\"url\":\"/admin/addDepartment\",\"status\":\"201\",\"responseTime\":\"93.935\"}","timestamp":"2025-01-29T14:12:42.437Z"}
{"level":"\u001b[32minfo\u001b[39m","message":"{\"method\":\"POST\",\"url\":\"/admin/addDepartment\",\"status\":\"201\",\"responseTime\":\"11.377\"}","timestamp":"2025-01-29T14:15:36.483Z"}
{"level":"\u001b[32minfo\u001b[39m","message":"{\"method\":\"POST\",\"url\":\"/admin/addDepartment\",\"status\":\"500\",\"responseTime\":\"44.261\"}","timestamp":"2025-01-29T14:21:58.687Z"}
{"level":"\u001b[32minfo\u001b[39m","message":"{\"method\":\"POST\",\"url\":\"/admin/addDepartment\",\"status\":\"409\",\"responseTime\":\"45.929\"}","timestamp":"2025-01-29T14:35:18.582Z"}
{"level":"\u001b[32minfo\u001b[39m","message":"{\"method\":\"POST\",\"url\":\"/admin/addDepartment\",\"status\":\"409\",\"responseTime\":\"41.844\"}","timestamp":"2025-01-29T14:39:50.846Z"}
{"level":"\u001b[32minfo\u001b[39m","message":"{\"method\":\"POST\",\"url\":\"/admin/addDepartment\",\"status\":\"409\",\"responseTime\":\"25.061\"}","timestamp":"2025-01-29T14:41:02.698Z"}
{"level":"\u001b[32minfo\u001b[39m","message":"{\"method\":\"POST\",\"url\":\"/admin/addDepartment\",\"status\":\"200\",\"responseTime\":\"48.576\"}","timestamp":"2025-01-29T14:43:08.925Z"}
{"level":"\u001b[32minfo\u001b[39m","message":"{\"method\":\"POST\",\"url\":\"/doctor/login\",\"status\":\"200\",\"responseTime\":\"477.255\"}","timestamp":"2025-01-29T15:12:21.584Z"}
{"level":"\u001b[32minfo\u001b[39m","message":"{\"method\":\"POST\",\"url\":\"/doctor/verifyEmail\",\"status\":\"200\",\"responseTime\":\"3702.086\"}","timestamp":"2025-01-29T15:14:52.609Z"}
{"level":"\u001b[32minfo\u001b[39m","message":"{\"method\":\"POST\",\"url\":\"/doctor/verifyResetOtp\",\"status\":\"404\",\"responseTime\":\"5.239\"}","timestamp":"2025-01-29T15:15:41.725Z"}
{"level":"\u001b[32minfo\u001b[39m","message":"{\"method\":\"POST\",\"url\":\"/doctor/forgotResendOtp\",\"status\":\"404\",\"responseTime\":\"0.923\"}","timestamp":"2025-01-29T15:15:57.873Z"}
{"level":"\u001b[32minfo\u001b[39m","message":"{\"method\":\"POST\",\"url\":\"/doctor/verifyEmail\",\"status\":\"200\",\"responseTime\":\"2562.426\"}","timestamp":"2025-01-29T15:21:33.978Z"}
{"level":"\u001b[32minfo\u001b[39m","message":"{\"method\":\"POST\",\"url\":\"/doctor/verifyResetOtp\",\"status\":\"200\",\"responseTime\":\"13.303\"}","timestamp":"2025-01-29T15:22:25.538Z"}
{"level":"\u001b[32minfo\u001b[39m","message":"{\"method\":\"POST\",\"url\":\"/doctor/resetPassword\",\"status\":\"404\",\"responseTime\":\"1.378\"}","timestamp":"2025-01-29T15:22:48.046Z"}
{"level":"\u001b[32minfo\u001b[39m","message":"{\"method\":\"POST\",\"url\":\"/doctor/resetPassword\",\"status\":\"200\",\"responseTime\":\"96.044\"}","timestamp":"2025-01-29T15:23:11.225Z"}
{"level":"\u001b[32minfo\u001b[39m","message":"{\"method\":\"POST\",\"url\":\"/doctor/login\",\"status\":\"200\",\"responseTime\":\"69.049\"}","timestamp":"2025-01-29T15:23:19.156Z"}
{"level":"\u001b[32minfo\u001b[39m","message":"{\"method\":\"POST\",\"url\":\"/doctor/login\",\"status\":\"200\",\"responseTime\":\"69.192\"}","timestamp":"2025-01-29T15:23:28.457Z"}
{"level":"\u001b[32minfo\u001b[39m","message":"{\"method\":\"POST\",\"url\":\"/doctor/verifyEmail\",\"status\":\"200\",\"responseTime\":\"3649.213\"}","timestamp":"2025-01-29T15:23:44.933Z"}
{"level":"\u001b[32minfo\u001b[39m","message":"{\"method\":\"POST\",\"url\":\"/doctor/forgotResendOtp\",\"status\":\"200\",\"responseTime\":\"2985.425\"}","timestamp":"2025-01-29T15:24:04.053Z"}
{"level":"\u001b[32minfo\u001b[39m","message":"{\"method\":\"POST\",\"url\":\"/doctor/verifyResetOtp\",\"status\":\"200\",\"responseTime\":\"17.516\"}","timestamp":"2025-01-29T15:24:16.885Z"}
{"level":"\u001b[32minfo\u001b[39m","message":"{\"method\":\"POST\",\"url\":\"/doctor/resetPassword\",\"status\":\"200\",\"responseTime\":\"66.534\"}","timestamp":"2025-01-29T15:24:34.074Z"}
{"level":"\u001b[32minfo\u001b[39m","message":"{\"method\":\"POST\",\"url\":\"/admin/addDepartment\",\"status\":\"200\",\"responseTime\":\"6.243\"}","timestamp":"2025-01-29T15:26:38.520Z"}
{"level":"\u001b[32minfo\u001b[39m","message":"{\"method\":\"POST\",\"url\":\"/admin/addDepartment\",\"status\":\"201\",\"responseTime\":\"22.037\"}","timestamp":"2025-01-29T15:26:49.123Z"}
{"level":"\u001b[32minfo\u001b[39m","message":"{\"method\":\"POST\",\"url\":\"/admin/addDepartment\",\"status\":\"200\",\"responseTime\":\"49.370\"}","timestamp":"2025-01-29T15:30:00.269Z"}
{"level":"\u001b[32minfo\u001b[39m","message":"{\"method\":\"POST\",\"url\":\"/user/signup\",\"status\":\"201\",\"responseTime\":\"5002.417\"}","timestamp":"2025-01-29T22:03:00.263Z"}
{"level":"\u001b[32minfo\u001b[39m","message":"{\"method\":\"POST\",\"url\":\"/user/resendOtp\",\"status\":\"200\",\"responseTime\":\"5456.087\"}","timestamp":"2025-01-29T22:03:24.655Z"}
{"level":"\u001b[32minfo\u001b[39m","message":"{\"method\":\"POST\",\"url\":\"/user/verify_otp\",\"status\":\"201\",\"responseTime\":\"284.021\"}","timestamp":"2025-01-29T22:04:05.077Z"}
{"level":"\u001b[32minfo\u001b[39m","message":"{\"method\":\"POST\",\"url\":\"/user/login\",\"status\":\"200\",\"responseTime\":\"118.660\"}","timestamp":"2025-01-29T22:04:12.765Z"}
{"level":"\u001b[32minfo\u001b[39m","message":"{\"method\":\"POST\",\"url\":\"/user/verifyEmail\",\"status\":\"200\",\"responseTime\":\"7297.359\"}","timestamp":"2025-01-29T22:07:05.903Z"}
{"level":"\u001b[32minfo\u001b[39m","message":"{\"method\":\"POST\",\"url\":\"/user/forgotResendOtp\",\"status\":\"200\",\"responseTime\":\"3990.477\"}","timestamp":"2025-01-29T22:07:39.803Z"}
{"level":"\u001b[32minfo\u001b[39m","message":"{\"method\":\"POST\",\"url\":\"/user/verifyResetOtp\",\"status\":\"200\",\"responseTime\":\"12.623\"}","timestamp":"2025-01-29T22:08:00.230Z"}
{"level":"\u001b[32minfo\u001b[39m","message":"{\"method\":\"POST\",\"url\":\"/user/resetPassword\",\"status\":\"200\",\"responseTime\":\"145.683\"}","timestamp":"2025-01-29T22:08:24.323Z"}
{"level":"\u001b[32minfo\u001b[39m","message":"{\"method\":\"POST\",\"url\":\"/user/login\",\"status\":\"200\",\"responseTime\":\"104.887\"}","timestamp":"2025-01-29T22:08:41.501Z"}
{"level":"\u001b[32minfo\u001b[39m","message":"{\"method\":\"POST\",\"url\":\"/user/login\",\"status\":\"200\",\"responseTime\":\"117.644\"}","timestamp":"2025-01-29T22:09:20.551Z"}
{"level":"\u001b[32minfo\u001b[39m","message":"{\"method\":\"POST\",\"url\":\"/doctor/register\",\"status\":\"200\",\"responseTime\":\"263.747\"}","timestamp":"2025-01-29T22:18:16.428Z"}
{"level":"\u001b[32minfo\u001b[39m","message":"{\"method\":\"POST\",\"url\":\"/doctor/register\",\"status\":\"201\",\"responseTime\":\"3315.245\"}","timestamp":"2025-01-29T22:18:42.805Z"}
{"level":"\u001b[32minfo\u001b[39m","message":"{\"method\":\"POST\",\"url\":\"/doctor/resendOtp\",\"status\":\"200\",\"responseTime\":\"5455.495\"}","timestamp":"2025-01-29T22:19:40.507Z"}
{"level":"\u001b[32minfo\u001b[39m","message":"{\"method\":\"POST\",\"url\":\"/doctor/createUser\",\"status\":\"500\",\"responseTime\":\"144.723\"}","timestamp":"2025-01-29T22:20:02.249Z"}
{"level":"\u001b[32minfo\u001b[39m","message":"{\"method\":\"GET\",\"url\":\"/doctor/createUser\",\"status\":\"404\",\"responseTime\":\"26.263\"}","timestamp":"2025-01-29T22:20:24.032Z"}
{"level":"\u001b[32minfo\u001b[39m","message":"{\"method\":\"POST\",\"url\":\"/doctor/register\",\"status\":\"201\",\"responseTime\":\"7605.158\"}","timestamp":"2025-01-29T22:23:46.727Z"}
{"level":"\u001b[32minfo\u001b[39m","message":"{\"method\":\"POST\",\"url\":\"/doctor/createUser\",\"status\":\"201\",\"responseTime\":\"141.525\"}","timestamp":"2025-01-29T22:24:04.647Z"}
{"level":"\u001b[32minfo\u001b[39m","message":"{\"method\":\"POST\",\"url\":\"/doctor/login\",\"status\":\"200\",\"responseTime\":\"113.298\"}","timestamp":"2025-01-29T22:24:12.876Z"}
{"level":"\u001b[32minfo\u001b[39m","message":"{\"method\":\"POST\",\"url\":\"/doctor/verifyEmail\",\"status\":\"200\",\"responseTime\":\"3140.144\"}","timestamp":"2025-01-29T22:26:09.535Z"}
{"level":"\u001b[32minfo\u001b[39m","message":"{\"method\":\"POST\",\"url\":\"/doctor/forgotResendOtp\",\"status\":\"200\",\"responseTime\":\"5188.459\"}","timestamp":"2025-01-29T22:26:45.214Z"}
{"level":"\u001b[32minfo\u001b[39m","message":"{\"method\":\"POST\",\"url\":\"/doctor/verifyResetOtp\",\"status\":\"200\",\"responseTime\":\"14.631\"}","timestamp":"2025-01-29T22:26:54.933Z"}
{"level":"\u001b[32minfo\u001b[39m","message":"{\"method\":\"POST\",\"url\":\"/doctor/resetPassword\",\"status\":\"200\",\"responseTime\":\"153.543\"}","timestamp":"2025-01-29T22:27:10.590Z"}
{"level":"\u001b[32minfo\u001b[39m","message":"{\"method\":\"POST\",\"url\":\"/doctor/login\",\"status\":\"200\",\"responseTime\":\"109.804\"}","timestamp":"2025-01-29T22:27:23.730Z"}
{"level":"\u001b[32minfo\u001b[39m","message":"{\"method\":\"POST\",\"url\":\"/doctor/login\",\"status\":\"200\",\"responseTime\":\"113.419\"}","timestamp":"2025-01-29T22:27:30.924Z"}
{"level":"\u001b[32minfo\u001b[39m","message":"{\"method\":\"POST\",\"url\":\"/admin/addDepartment\",\"status\":\"404\",\"responseTime\":\"36.944\"}","timestamp":"2025-01-29T22:55:30.115Z"}
{"level":"\u001b[32minfo\u001b[39m","message":"{\"method\":\"POST\",\"url\":\"/user/login\",\"status\":\"200\",\"responseTime\":\"177.305\"}","timestamp":"2025-01-29T23:27:03.247Z"}
{"level":"\u001b[32minfo\u001b[39m","message":"{\"method\":\"POST\",\"url\":\"/user/login\",\"status\":\"200\",\"responseTime\":\"216.662\"}","timestamp":"2025-01-29T23:27:07.617Z"}
{"level":"\u001b[32minfo\u001b[39m","message":"{\"method\":\"POST\",\"url\":\"/doctor/login\",\"status\":\"200\",\"responseTime\":\"522.323\"}","timestamp":"2025-01-30T04:00:55.371Z"}
{"level":"\u001b[32minfo\u001b[39m","message":"{\"method\":\"POST\",\"url\":\"/doctor/verifyEmail\",\"status\":\"200\",\"responseTime\":\"5458.763\"}","timestamp":"2025-01-30T06:15:02.251Z"}
{"level":"\u001b[32minfo\u001b[39m","message":"{\"method\":\"POST\",\"url\":\"/doctor/verifyResetOtp\",\"status\":\"200\",\"responseTime\":\"20.624\"}","timestamp":"2025-01-30T06:15:30.679Z"}
{"level":"\u001b[32minfo\u001b[39m","message":"{\"method\":\"POST\",\"url\":\"/doctor/resetPassword\",\"status\":\"200\",\"responseTime\":\"179.858\"}","timestamp":"2025-01-30T06:15:48.666Z"}
{"level":"\u001b[32minfo\u001b[39m","message":"{\"method\":\"POST\",\"url\":\"/doctor/login\",\"status\":\"200\",\"responseTime\":\"130.258\"}","timestamp":"2025-01-30T06:23:52.163Z"}
{"level":"\u001b[32minfo\u001b[39m","message":"{\"method\":\"POST\",\"url\":\"/doctor/verifyEmail\",\"status\":\"200\",\"responseTime\":\"2705.081\"}","timestamp":"2025-01-30T06:24:32.357Z"}
{"level":"\u001b[32minfo\u001b[39m","message":"{\"method\":\"POST\",\"url\":\"/doctor/forgotResendOtp\",\"status\":\"200\",\"responseTime\":\"6753.470\"}","timestamp":"2025-01-30T06:25:05.484Z"}
{"level":"\u001b[32minfo\u001b[39m","message":"{\"method\":\"POST\",\"url\":\"/doctor/verifyResetOtp\",\"status\":\"200\",\"responseTime\":\"17.960\"}","timestamp":"2025-01-30T06:25:29.241Z"}
{"level":"\u001b[32minfo\u001b[39m","message":"{\"method\":\"POST\",\"url\":\"/doctor/resetPassword\",\"status\":\"200\",\"responseTime\":\"149.540\"}","timestamp":"2025-01-30T06:25:45.132Z"}
{"level":"\u001b[32minfo\u001b[39m","message":"{\"method\":\"POST\",\"url\":\"/user/login\",\"status\":\"200\",\"responseTime\":\"117.474\"}","timestamp":"2025-01-30T06:29:17.168Z"}
{"level":"\u001b[32minfo\u001b[39m","message":"{\"method\":\"POST\",\"url\":\"/user/login\",\"status\":\"200\",\"responseTime\":\"268.060\"}","timestamp":"2025-01-30T06:38:55.264Z"}
{"level":"\u001b[32minfo\u001b[39m","message":"{\"method\":\"POST\",\"url\":\"/user/login\",\"status\":\"200\",\"responseTime\":\"199.280\"}","timestamp":"2025-01-30T06:45:00.723Z"}
{"level":"\u001b[32minfo\u001b[39m","message":"{\"method\":\"GET\",\"url\":\"/user/login\",\"status\":\"404\",\"responseTime\":\"8.094\"}","timestamp":"2025-01-30T06:45:18.088Z"}
{"level":"\u001b[32minfo\u001b[39m","message":"{\"method\":\"POST\",\"url\":\"/user/login\",\"status\":\"200\",\"responseTime\":\"149.295\"}","timestamp":"2025-01-30T06:49:03.298Z"}
{"level":"\u001b[32minfo\u001b[39m","message":"{\"method\":\"POST\",\"url\":\"/user/login\",\"status\":\"200\",\"responseTime\":\"152.180\"}","timestamp":"2025-01-30T06:51:20.018Z"}
{"level":"\u001b[32minfo\u001b[39m","message":"{\"method\":\"POST\",\"url\":\"/user/login\",\"status\":\"200\",\"responseTime\":\"136.521\"}","timestamp":"2025-01-30T06:53:45.224Z"}
{"level":"\u001b[32minfo\u001b[39m","message":"{\"method\":\"POST\",\"url\":\"/user/signup\",\"status\":\"201\",\"responseTime\":\"33934.812\"}","timestamp":"2025-01-30T08:14:33.902Z"}
{"level":"\u001b[32minfo\u001b[39m","message":"{\"method\":\"POST\",\"url\":\"/user/verify_otp\",\"status\":\"500\",\"responseTime\":\"118.428\"}","timestamp":"2025-01-30T08:14:51.602Z"}
{"level":"\u001b[32minfo\u001b[39m","message":"{\"method\":\"POST\",\"url\":\"/user/login\",\"status\":\"200\",\"responseTime\":\"117.677\"}","timestamp":"2025-01-30T08:16:48.515Z"}
{"level":"\u001b[32minfo\u001b[39m","message":"{\"method\":\"POST\",\"url\":\"/user/signup\",\"status\":\"201\",\"responseTime\":\"2387.826\"}","timestamp":"2025-01-30T08:17:30.832Z"}
{"level":"\u001b[32minfo\u001b[39m","message":"{\"method\":\"POST\",\"url\":\"/user/verify_otp\",\"status\":\"500\",\"responseTime\":\"42.650\"}","timestamp":"2025-01-30T08:17:42.764Z"}
{"level":"\u001b[32minfo\u001b[39m","message":"{\"method\":\"POST\",\"url\":\"/user/verify_otp\",\"status\":\"500\",\"responseTime\":\"16.231\"}","timestamp":"2025-01-30T08:17:46.325Z"}
{"level":"\u001b[32minfo\u001b[39m","message":"{\"method\":\"GET\",\"url\":\"/user/verify_otp\",\"status\":\"404\",\"responseTime\":\"4.012\"}","timestamp":"2025-01-30T08:17:56.076Z"}
{"level":"\u001b[32minfo\u001b[39m","message":"{\"method\":\"POST\",\"url\":\"/user/login\",\"status\":\"200\",\"responseTime\":\"3.988\"}","timestamp":"2025-01-30T08:20:57.189Z"}
{"level":"\u001b[32minfo\u001b[39m","message":"{\"method\":\"POST\",\"url\":\"/user/signup\",\"status\":\"201\",\"responseTime\":\"3735.726\"}","timestamp":"2025-01-30T08:21:12.747Z"}
{"level":"\u001b[32minfo\u001b[39m","message":"{\"method\":\"POST\",\"url\":\"/user/resendOtp\",\"status\":\"200\",\"responseTime\":\"2240.076\"}","timestamp":"2025-01-30T08:22:08.938Z"}
{"level":"\u001b[32minfo\u001b[39m","message":"{\"method\":\"POST\",\"url\":\"/user/verify_otp\",\"status\":\"201\",\"responseTime\":\"87.066\"}","timestamp":"2025-01-30T08:22:23.102Z"}
{"level":"\u001b[32minfo\u001b[39m","message":"{\"method\":\"POST\",\"url\":\"/user/login\",\"status\":\"200\",\"responseTime\":\"67.014\"}","timestamp":"2025-01-30T08:22:33.653Z"}
{"level":"\u001b[32minfo\u001b[39m","message":"{\"method\":\"POST\",\"url\":\"/user/signup\",\"status\":\"201\",\"responseTime\":\"2274.814\"}","timestamp":"2025-01-30T08:23:21.553Z"}
{"level":"\u001b[32minfo\u001b[39m","message":"{\"method\":\"POST\",\"url\":\"/user/verify_otp\",\"status\":\"201\",\"responseTime\":\"35.481\"}","timestamp":"2025-01-30T08:23:35.734Z"}
{"level":"\u001b[32minfo\u001b[39m","message":"{\"method\":\"POST\",\"url\":\"/user/login\",\"status\":\"200\",\"responseTime\":\"67.162\"}","timestamp":"2025-01-30T08:23:42.093Z"}
{"level":"\u001b[32minfo\u001b[39m","message":"{\"method\":\"POST\",\"url\":\"/user/signup\",\"status\":\"201\",\"responseTime\":\"2218.477\"}","timestamp":"2025-01-30T08:24:18.122Z"}
{"level":"\u001b[32minfo\u001b[39m","message":"{\"method\":\"POST\",\"url\":\"/user/verify_otp\",\"status\":\"201\",\"responseTime\":\"32.413\"}","timestamp":"2025-01-30T08:24:39.972Z"}
{"level":"\u001b[32minfo\u001b[39m","message":"{\"method\":\"POST\",\"url\":\"/user/login\",\"status\":\"200\",\"responseTime\":\"71.176\"}","timestamp":"2025-01-30T08:24:44.499Z"}
{"level":"\u001b[32minfo\u001b[39m","message":"{\"method\":\"POST\",\"url\":\"/user/signup\",\"status\":\"201\",\"responseTime\":\"2962.531\"}","timestamp":"2025-01-30T08:25:25.787Z"}
{"level":"\u001b[32minfo\u001b[39m","message":"{\"method\":\"POST\",\"url\":\"/user/verify_otp\",\"status\":\"201\",\"responseTime\":\"33.859\"}","timestamp":"2025-01-30T08:25:50.703Z"}
{"level":"\u001b[32minfo\u001b[39m","message":"{\"method\":\"POST\",\"url\":\"/user/signup\",\"status\":\"201\",\"responseTime\":\"3018.700\"}","timestamp":"2025-01-30T08:26:39.693Z"}
{"level":"\u001b[32minfo\u001b[39m","message":"{\"method\":\"POST\",\"url\":\"/user/verify_otp\",\"status\":\"201\",\"responseTime\":\"32.834\"}","timestamp":"2025-01-30T08:26:49.023Z"}
{"level":"\u001b[32minfo\u001b[39m","message":"{\"method\":\"POST\",\"url\":\"/user/login\",\"status\":\"200\",\"responseTime\":\"65.252\"}","timestamp":"2025-01-30T08:27:50.306Z"}
{"level":"\u001b[32minfo\u001b[39m","message":"{\"method\":\"POST\",\"url\":\"/doctor/register\",\"status\":\"201\",\"responseTime\":\"2535.860\"}","timestamp":"2025-01-30T08:30:27.937Z"}
{"level":"\u001b[32minfo\u001b[39m","message":"{\"method\":\"POST\",\"url\":\"/doctor/resendOtp\",\"status\":\"200\",\"responseTime\":\"3342.629\"}","timestamp":"2025-01-30T08:30:49.592Z"}
{"level":"\u001b[32minfo\u001b[39m","message":"{\"method\":\"POST\",\"url\":\"/doctor/createUser\",\"status\":\"201\",\"responseTime\":\"50.201\"}","timestamp":"2025-01-30T08:30:59.328Z"}
{"level":"\u001b[32minfo\u001b[39m","message":"{\"method\":\"POST\",\"url\":\"/doctor/login\",\"status\":\"200\",\"responseTime\":\"66.813\"}","timestamp":"2025-01-30T08:31:05.819Z"}
{"level":"\u001b[32minfo\u001b[39m","message":"{\"method\":\"POST\",\"url\":\"/doctor/register\",\"status\":\"201\",\"responseTime\":\"3017.463\"}","timestamp":"2025-01-30T08:31:56.588Z"}
{"level":"\u001b[32minfo\u001b[39m","message":"{\"method\":\"POST\",\"url\":\"/doctor/createUser\",\"status\":\"201\",\"responseTime\":\"30.950\"}","timestamp":"2025-01-30T08:32:06.639Z"}
{"level":"\u001b[32minfo\u001b[39m","message":"{\"method\":\"POST\",\"url\":\"/doctor/register\",\"status\":\"201\",\"responseTime\":\"2363.610\"}","timestamp":"2025-01-30T08:33:06.920Z"}
{"level":"\u001b[32minfo\u001b[39m","message":"{\"method\":\"POST\",\"url\":\"/doctor/createUser\",\"status\":\"201\",\"responseTime\":\"31.294\"}","timestamp":"2025-01-30T08:33:21.978Z"}
{"level":"\u001b[32minfo\u001b[39m","message":"{\"method\":\"POST\",\"url\":\"/doctor/register\",\"status\":\"201\",\"responseTime\":\"2399.461\"}","timestamp":"2025-01-30T08:34:23.159Z"}
{"level":"\u001b[32minfo\u001b[39m","message":"{\"method\":\"POST\",\"url\":\"/doctor/createUser\",\"status\":\"201\",\"responseTime\":\"42.207\"}","timestamp":"2025-01-30T08:34:36.990Z"}
{"level":"\u001b[32minfo\u001b[39m","message":"{\"method\":\"POST\",\"url\":\"/user/login\",\"status\":\"200\",\"responseTime\":\"200.151\"}","timestamp":"2025-01-30T09:20:37.579Z"}
{"level":"\u001b[32minfo\u001b[39m","message":"{\"method\":\"POST\",\"url\":\"/user/verifyEmail\",\"status\":\"200\",\"responseTime\":\"3017.691\"}","timestamp":"2025-01-30T09:20:49.837Z"}
{"level":"\u001b[32minfo\u001b[39m","message":"{\"method\":\"POST\",\"url\":\"/user/verifyResetOtp\",\"status\":\"200\",\"responseTime\":\"15.007\"}","timestamp":"2025-01-30T09:21:23.912Z"}
{"level":"\u001b[32minfo\u001b[39m","message":"{\"method\":\"POST\",\"url\":\"/user/resetPassword\",\"status\":\"200\",\"responseTime\":\"10205.688\"}","timestamp":"2025-01-30T09:22:02.071Z"}
{"level":"\u001b[32minfo\u001b[39m","message":"{\"method\":\"POST\",\"url\":\"/user/resetPassword\",\"status\":\"200\",\"responseTime\":\"8215.934\"}","timestamp":"2025-01-30T09:22:04.604Z"}
{"level":"\u001b[32minfo\u001b[39m","message":"{\"method\":\"POST\",\"url\":\"/user/resetPassword\",\"status\":\"200\",\"responseTime\":\"7314.787\"}","timestamp":"2025-01-30T09:22:08.869Z"}
{"level":"\u001b[32minfo\u001b[39m","message":"{\"method\":\"POST\",\"url\":\"/user/resetPassword\",\"status\":\"200\",\"responseTime\":\"10170.685\"}","timestamp":"2025-01-30T09:22:11.424Z"}
